<?xml version="1.0" encoding="UTF-8"?>
<!-- Generated by org.testng.reporters.JUnitReportReporter -->
<testsuite hostname="DESKTOP-B1MGQP0" failures="0" tests="1" name="neostoxTEST.Validation" time="20.300" errors="0" timestamp="2022-12-31T14:00:24 IST" skipped="0">
  <testcase classname="neostoxTEST.Validation" name="validateAccountBalance" time="20.300"/>
  <system-out>
    <![CDATA[Waiting for 1000ms
getting account balnace...
Account balnace is Rs.5,00,000.00
taking screenshot ...
Test Case validateAccountBalance is Copmpleted Successfuly...]]>
  </system-out>
</testsuite> <!-- neostoxTEST.Validation -->
